<?xml version="1.0" encoding="UTF-8"?>
<coverage generated="1584894488389" clover="3.2.0">
  <project timestamp="1584894488389" name="All files">
    <metrics statements="9" coveredstatements="9" conditionals="5" coveredconditionals="5" methods="6" coveredmethods="6" elements="20" coveredelements="20" complexity="0" loc="9" ncloc="9" packages="1" files="1" classes="1"/>
    <file name="math.js" path="/mnt/d/data/project/cursos/Udemy/node.js_3rd/src/task-manager/src/math.js">
      <metrics statements="9" coveredstatements="9" conditionals="5" coveredconditionals="5" methods="6" coveredmethods="6"/>
      <line num="1" count="2" type="cond" truecount="1" falsecount="0"/>
      <line num="3" count="1" type="stmt"/>
      <line num="5" count="1" type="stmt"/>
      <line num="7" count="1" type="stmt"/>
      <line num="8" count="4" type="stmt"/>
      <line num="9" count="4" type="cond" truecount="4" falsecount="0"/>
      <line num="10" count="2" type="stmt"/>
      <line num="13" count="2" type="stmt"/>
      <line num="14" count="2" type="stmt"/>
    </file>
  </project>
</coverage>
